<?xml version="1.0" encoding="UTF-8"?>
<!-- Generated by org.testng.reporters.JUnitReportReporter -->
<testsuite skipped="0" hostname="DESKTOP-57DPOHQ" name="suiteA.TestA3" tests="1" failures="0" timestamp="2020-09-24T13:07:18 IST" time="2.008" errors="0">
  <testcase name="f" time="2.008" classname="suiteA.TestA3"/>
  <system-out/>
</testsuite> <!-- suiteA.TestA3 -->
