<?xml version="1.0" encoding="UTF-8"?>
<!-- Generated by org.testng.reporters.JUnitReportReporter -->
<testsuite skipped="0" hostname="DESKTOP-27L8JE7" name="com.project.SeptemberSelenium12PMMaven.TC_006" tests="1" failures="0" timestamp="2020-09-23T13:05:02 IST" time="64.941" errors="0">
  <testcase name="f" time="64.941" classname="com.project.SeptemberSelenium12PMMaven.TC_006"/>
  <system-out/>
</testsuite> <!-- com.project.SeptemberSelenium12PMMaven.TC_006 -->
