<?xml version="1.0" encoding="UTF-8"?>
<!-- Generated by org.testng.reporters.JUnitReportReporter -->
<testsuite skipped="0" hostname="DESKTOP-57DPOHQ" name="frameswitchings.AlertHandling" tests="1" failures="0" timestamp="2020-10-27T14:39:49 IST" time="13.130" errors="0">
  <testcase name="f" time="13.130" classname="frameswitchings.AlertHandling"/>
  <system-out/>
</testsuite> <!-- frameswitchings.AlertHandling -->
