<?xml version="1.0" encoding="UTF-8"?>
<!-- Generated by org.testng.reporters.JUnitReportReporter -->
<testsuite skipped="1" hostname="DESKTOP-27L8JE7" name="exceldatadriven.Facebook1" tests="2" failures="0" timestamp="07 Oct 2020 07:13:20 GMT" time="23.565" errors="0">
  <testcase name="f" time="12.034" classname="exceldatadriven.Facebook1"/>
  <testcase name="f" time="11.531" classname="exceldatadriven.Facebook1">
    <skipped/>
  </testcase> <!-- f -->
</testsuite> <!-- exceldatadriven.Facebook1 -->
