<?xml version="1.0" encoding="UTF-8"?>
<!-- Generated by org.testng.reporters.JUnitReportReporter -->
<testsuite skipped="0" hostname="DESKTOP-57DPOHQ" name="frameswitchings.FileUpload" tests="1" failures="0" timestamp="2020-10-27T14:48:54 IST" time="13.892" errors="0">
  <testcase name="fileupload" time="13.892" classname="frameswitchings.FileUpload"/>
  <system-out/>
</testsuite> <!-- frameswitchings.FileUpload -->
