<?xml version="1.0" encoding="UTF-8"?>
<!-- Generated by org.testng.reporters.JUnitReportReporter -->
<testsuite skipped="6" hostname="DESKTOP-57DPOHQ" name="actions.MouseOperations" tests="7" failures="0" timestamp="2020-10-28T13:26:13 IST" time="18.233" errors="0">
  <testcase name="MoveToelement" time="18.233" classname="actions.MouseOperations"/>
  <system-out/>
  <testcase name="dragAnddrop" classname="actions.MouseOperations">
    <skipped/>
  </testcase> <!-- dragAnddrop -->
  <system-out/>
  <testcase name="autoSuggestion" classname="actions.MouseOperations">
    <skipped/>
  </testcase> <!-- autoSuggestion -->
  <system-out/>
  <testcase name="resizeMethod" classname="actions.MouseOperations">
    <skipped/>
  </testcase> <!-- resizeMethod -->
  <system-out/>
  <testcase name="slider" classname="actions.MouseOperations">
    <skipped/>
  </testcase> <!-- slider -->
  <system-out/>
  <testcase name="Browserslider" classname="actions.MouseOperations">
    <skipped/>
  </testcase> <!-- Browserslider -->
  <system-out/>
  <testcase name="rightClickMethod" classname="actions.MouseOperations">
    <skipped/>
  </testcase> <!-- rightClickMethod -->
  <system-out/>
</testsuite> <!-- actions.MouseOperations -->
