<?xml version="1.0" encoding="UTF-8"?>
<!-- Generated by org.testng.reporters.JUnitReportReporter -->
<testsuite skipped="1" hostname="DESKTOP-57DPOHQ" name="exceldatadriven.DataManagementWithHashTable" tests="2" failures="0" timestamp="2020-10-08T11:39:34 IST" time="0.014" errors="0">
  <testcase name="f" time="0.002" classname="exceldatadriven.DataManagementWithHashTable">
    <skipped/>
  </testcase> <!-- f -->
  <system-out/>
  <testcase name="f" time="0.012" classname="exceldatadriven.DataManagementWithHashTable"/>
  <system-out/>
</testsuite> <!-- exceldatadriven.DataManagementWithHashTable -->
