<?xml version="1.0" encoding="UTF-8"?>
<!-- Generated by org.testng.reporters.JUnitReportReporter -->
<testsuite skipped="0" hostname="DESKTOP-27L8JE7" name="com.project.SeptemberSelenium12PMMaven.TC_006" tests="1" failures="0" timestamp="30 Sep 2020 07:00:17 GMT" time="20.290" errors="0">
  <testcase name="f" time="20.290" classname="com.project.SeptemberSelenium12PMMaven.TC_006"/>
</testsuite> <!-- com.project.SeptemberSelenium12PMMaven.TC_006 -->
