<?xml version="1.0" encoding="UTF-8"?>
<!-- Generated by org.testng.reporters.JUnitReportReporter -->
<testsuite skipped="1" hostname="DESKTOP-57DPOHQ" name="exceldatadriven.DataManagementWithDataProvider" tests="1" failures="0" timestamp="2020-10-07T11:40:40 IST" time="0.000" errors="0">
  <testcase name="f" time="0.000" classname="exceldatadriven.DataManagementWithDataProvider">
    <skipped/>
  </testcase> <!-- f -->
  <system-out/>
</testsuite> <!-- exceldatadriven.DataManagementWithDataProvider -->
