<?xml version="1.0" encoding="UTF-8"?>
<!-- Generated by org.testng.reporters.JUnitReportReporter -->
<testsuite skipped="0" hostname="DESKTOP-57DPOHQ" name="suiteB.TestB3" tests="1" failures="0" timestamp="2020-09-25T13:43:05 IST" time="2.005" errors="0">
  <testcase name="f" time="2.005" classname="suiteB.TestB3"/>
  <system-out/>
</testsuite> <!-- suiteB.TestB3 -->
